<?xml version="1.0" encoding="UTF-8"?>
<!-- Generated by org.testng.reporters.JUnitReportReporter -->
<testsuite hostname="DESKTOP-9D7ETQ0" failures="0" tests="1" name="Test.SearchTest" time="81.837" errors="0" timestamp="21 Dec 2023 09:24:36 GMT" skipped="0">
  <testcase classname="Test.SearchTest" name="successSearch" time="81.837"/>
</testsuite> <!-- Test.SearchTest -->
